<?xml version="1.0" encoding="UTF-8"?>
<!-- Generated by org.testng.reporters.JUnitXMLReporter -->
<testsuite ignored="1" hostname="LAPTOP-S83RET8H" failures="1" tests="1" name="Default test(failed)" time="0.028" errors="0" timestamp="2022-06-30T12:55:47 IST">
  <testcase classname="test.ZerodhaSearchTestClass" name="search" time="0.0">
    <failure type="org.testng.TestNGException" message="
Cannot inject @Test annotated Method [search] with [interface org.openqa.selenium.WebDriver].
For more information on native dependency injection please refer to https://testng.org/doc/documentation-main.html#native-dependency-injection">
      <![CDATA[org.testng.TestNGException: 
Cannot inject @Test annotated Method [search] with [interface org.openqa.selenium.WebDriver].
For more information on native dependency injection please refer to https://testng.org/doc/documentation-main.html#native-dependency-injection
at java.base/java.util.ArrayList.forEach(ArrayList.java:1511)
... Removed 26 stack frames]]>
    </failure>
  </testcase> <!-- search -->
  <testcase classname="test.ZerodhaSearchTestClass" name="searchIcon" time="0.0">
    <ignored/>
  </testcase> <!-- searchIcon -->
</testsuite> <!-- Default test(failed) -->
